0 verbose cli C:\Program Files\nodejs\node.exe C:\Program Files\nodejs\node_modules\npm\bin\npm-cli.js
1 info using npm@10.1.0
2 info using node@v20.9.0
3 timing npm:load:whichnode Completed in 5ms
4 timing config:load:defaults Completed in 5ms
5 timing config:load:file:C:\Program Files\nodejs\node_modules\npm\npmrc Completed in 11ms
6 timing config:load:builtin Completed in 12ms
7 timing config:load:cli Completed in 7ms
8 timing config:load:env Completed in 5ms
9 timing config:load:file:D:\HK6\JavaSpring\transGit\fileUPdate\webblog-react-app\.npmrc Completed in 1ms
10 timing config:load:project Completed in 5ms
11 timing config:load:file:C:\Users\ASUS\.npmrc Completed in 0ms
12 timing config:load:user Completed in 1ms
13 timing config:load:file:D:\HK6\JavaSpring\transGit\fileUPdate\webblog-react-app\npm\etc\npmrc Completed in 0ms
14 timing config:load:global Completed in 0ms
15 timing config:load:setEnvs Completed in 1ms
16 timing config:load Completed in 39ms
17 timing npm:load:configload Completed in 39ms
18 timing config:load:flatten Completed in 5ms
19 timing npm:load:mkdirpcache Completed in 0ms
20 timing npm:load:mkdirplogs Completed in 0ms
21 verbose title npm run build
22 verbose argv "run" "build"
23 timing npm:load:setTitle Completed in 2ms
24 timing npm:load:display Completed in 1ms
25 verbose logfile logs-max:10 dir:D:\HK6\JavaSpring\transGit\fileUPdate\webblog-react-app\npm\cache\_logs\2023-12-10T07_38_42_417Z-
26 verbose logfile D:\HK6\JavaSpring\transGit\fileUPdate\webblog-react-app\npm\cache\_logs\2023-12-10T07_38_42_417Z-debug-0.log
27 timing npm:load:logFile Completed in 24ms
28 timing npm:load:timers Completed in 0ms
29 timing npm:load:configScope Completed in 0ms
30 timing npm:load Completed in 152ms
31 silly logfile done cleaning log files
32 http fetch GET 200 https://registry.npmjs.org/npm 463ms (cache miss)
33 timing command:run Completed in 25793ms
34 notice
34 notice New minor version of npm available! 10.1.0 -> 10.2.5
34 notice Changelog: <https://github.com/npm/cli/releases/tag/v10.2.5>
34 notice Run `npm install -g npm@10.2.5` to update!
34 notice
35 verbose exit 0
36 timing npm Completed in 26090ms
37 info ok
